16:51:02.667 WARN  [File:UserController.java] [Func:createUser] [Line:91] [Message:createUser WARN : ]- createUser WARN : 
16:51:02.672 ERROR [File:UserController.java] [Func:createUser] [Line:92] [Message:createUser ERROR : ]- createUser ERROR : 
16:52:34.029 WARN  [File:UserController.java] [Func:createUser] [Line:91] [Message:createUser WARN : ]- createUser WARN : 
16:52:34.031 ERROR [File:UserController.java] [Func:createUser] [Line:92] [Message:createUser ERROR : ]- createUser ERROR : 
16:52:34.032 WARN  [File:UserService.java] [Func:createUser] [Line:36] [Message:createUser Service WARN : ]- createUser Service WARN : 
16:52:34.032 ERROR [File:UserService.java] [Func:createUser] [Line:37] [Message:createUser Service ERROR : ]- createUser Service ERROR : 
16:53:42.589 WARN  [File:TestController.java] [Func:getAll] [Line:35] [Message:Warn Level 테스트]- Warn Level 테스트
16:53:42.594 ERROR [File:TestController.java] [Func:getAll] [Line:38] [Message:ERROR Level 테스트]- ERROR Level 테스트
17:06:19.761 WARN  [File:UserController.java] [Func:createUser] [Line:91] [Message:createUser WARN]- createUser WARN
17:06:19.763 ERROR [File:UserController.java] [Func:createUser] [Line:92] [Message:createUser ERROR]- createUser ERROR
17:06:19.764 WARN  [File:UserService.java] [Func:createUser] [Line:36] [Message:createUser Service WARN]- createUser Service WARN
17:06:19.765 ERROR [File:UserService.java] [Func:createUser] [Line:37] [Message:createUser Service ERROR]- createUser Service ERROR
17:20:19.467 WARN  [File:UserController.java] [Func:createUser] [Line:91] [Message:createUser WARN]- createUser WARN
17:20:19.471 ERROR [File:UserController.java] [Func:createUser] [Line:92] [Message:createUser ERROR]- createUser ERROR
17:20:19.473 WARN  [File:UserService.java] [Func:createUser] [Line:36] [Message:createUser Service WARN]- createUser Service WARN
17:20:19.473 ERROR [File:UserService.java] [Func:createUser] [Line:37] [Message:createUser Service ERROR]- createUser Service ERROR
17:27:54.490 WARN  [File:UserController.java] [Func:createUser] [Line:91] [Message:createUser WARN]- createUser WARN
17:27:54.491 ERROR [File:UserController.java] [Func:createUser] [Line:92] [Message:createUser ERROR]- createUser ERROR
17:27:54.493 WARN  [File:UserService.java] [Func:createUser] [Line:36] [Message:createUser Service WARN]- createUser Service WARN
17:27:54.494 ERROR [File:UserService.java] [Func:createUser] [Line:37] [Message:createUser Service ERROR]- createUser Service ERROR
17:27:54.633 WARN  [File:UserController.java] [Func:createUser] [Line:108] [Message:createUser catch WARN]- createUser catch WARN
17:27:54.633 ERROR [File:UserController.java] [Func:createUser] [Line:109] [Message:createUser catch ERROR]- createUser catch ERROR
17:33:21.710 WARN  [File:UserController.java] [Func:createUser] [Line:91] [Message:createUser WARN]- createUser WARN
17:33:21.711 ERROR [File:UserController.java] [Func:createUser] [Line:92] [Message:createUser ERROR]- createUser ERROR
17:33:21.715 WARN  [File:UserService.java] [Func:createUser] [Line:36] [Message:createUser Service WARN]- createUser Service WARN
17:33:21.716 ERROR [File:UserService.java] [Func:createUser] [Line:37] [Message:createUser Service ERROR]- createUser Service ERROR
17:33:21.856 WARN  [File:UserController.java] [Func:createUser] [Line:108] [Message:createUser catch WARN]- createUser catch WARN
17:33:21.857 ERROR [File:UserController.java] [Func:createUser] [Line:109] [Message:createUser catch ERROR]- createUser catch ERROR
19:53:08.054 WARN  [File:UserController.java] [Func:createUser] [Line:91] [Message:createUser WARN]- createUser WARN
19:53:08.058 ERROR [File:UserController.java] [Func:createUser] [Line:92] [Message:createUser ERROR]- createUser ERROR
19:53:08.060 WARN  [File:UserService.java] [Func:createUser] [Line:36] [Message:createUser Service WARN]- createUser Service WARN
19:53:08.060 ERROR [File:UserService.java] [Func:createUser] [Line:37] [Message:createUser Service ERROR]- createUser Service ERROR
19:53:08.079 WARN  [File:UserController.java] [Func:createUser] [Line:108] [Message:createUser catch WARN]- createUser catch WARN
19:53:08.080 ERROR [File:UserController.java] [Func:createUser] [Line:109] [Message:createUser catch ERROR]- createUser catch ERROR
19:59:21.761 WARN  [File:UserService.java] [Func:createUser] [Line:36] [Message:createUser Service WARN]- createUser Service WARN
19:59:21.762 ERROR [File:UserService.java] [Func:createUser] [Line:37] [Message:createUser Service ERROR]- createUser Service ERROR
19:59:21.899 ERROR [File:UserService.java] [Func:createUser] [Line:58] [Message:createUser ERROR]- createUser ERROR
